<?xml version="1.0" encoding="UTF-8"?>
<testng-results skipped="0" failed="0" ignored="0" total="2" passed="2">
  <reporter-output>
  </reporter-output>
  <suite name="Default suite" duration-ms="31" started-at="2018-11-22T16:32:55Z" finished-at="2018-11-22T16:32:55Z">
    <groups>
    </groups>
    <test name="Default test" duration-ms="31" started-at="2018-11-22T16:32:55Z" finished-at="2018-11-22T16:32:55Z">
      <class name="teste.TestePatterns">
        <test-method status="PASS" signature="testarFacade()[pri:0, instance:teste.TestePatterns@6d00a15d]" name="testarFacade" duration-ms="8" started-at="2018-11-22T16:32:55Z" finished-at="2018-11-22T16:32:55Z">
          <reporter-output>
          </reporter-output>
        </test-method> <!-- testarFacade -->
        <test-method status="PASS" signature="testarVisitor()[pri:0, instance:teste.TestePatterns@6d00a15d]" name="testarVisitor" duration-ms="2" started-at="2018-11-22T16:32:55Z" finished-at="2018-11-22T16:32:55Z">
          <reporter-output>
          </reporter-output>
        </test-method> <!-- testarVisitor -->
      </class> <!-- teste.TestePatterns -->
    </test> <!-- Default test -->
  </suite> <!-- Default suite -->
</testng-results>
